[04-Mar-2024 08:56:14 UTC] PHP Warning:  mysqli_real_connect(): php_network_getaddresses: getaddrinfo for weterynaria-db-1 failed: Name or service not known in /home/welshcorpq/www/weterynaria/wp-includes/class-wpdb.php on line 1987
[04-Mar-2024 08:56:14 UTC] PHP Warning:  mysqli_real_connect(): (HY000/2002): php_network_getaddresses: getaddrinfo for weterynaria-db-1 failed: Name or service not known in /home/welshcorpq/www/weterynaria/wp-includes/class-wpdb.php on line 1987
[04-Mar-2024 08:57:21 UTC] PHP Warning:  mysqli_real_connect(): php_network_getaddresses: getaddrinfo for weterynaria-db-1 failed: Name or service not known in /home/welshcorpq/www/weterynaria/wp-includes/class-wpdb.php on line 1987
[04-Mar-2024 08:57:21 UTC] PHP Warning:  mysqli_real_connect(): (HY000/2002): php_network_getaddresses: getaddrinfo for weterynaria-db-1 failed: Name or service not known in /home/welshcorpq/www/weterynaria/wp-includes/class-wpdb.php on line 1987
[04-Mar-2024 08:58:07 UTC] PHP Warning:  mysqli_real_connect(): php_network_getaddresses: getaddrinfo for weterynaria-db-1 failed: Name or service not known in /home/welshcorpq/www/weterynaria/wp-includes/class-wpdb.php on line 1987
[04-Mar-2024 08:58:07 UTC] PHP Warning:  mysqli_real_connect(): (HY000/2002): php_network_getaddresses: getaddrinfo for weterynaria-db-1 failed: Name or service not known in /home/welshcorpq/www/weterynaria/wp-includes/class-wpdb.php on line 1987
[04-Mar-2024 08:58:27 UTC] PHP Warning:  mysqli_real_connect(): php_network_getaddresses: getaddrinfo for weterynaria-db-1 failed: Name or service not known in /home/welshcorpq/www/weterynaria/wp-includes/class-wpdb.php on line 1987
[04-Mar-2024 08:58:27 UTC] PHP Warning:  mysqli_real_connect(): (HY000/2002): php_network_getaddresses: getaddrinfo for weterynaria-db-1 failed: Name or service not known in /home/welshcorpq/www/weterynaria/wp-includes/class-wpdb.php on line 1987
[04-Mar-2024 09:00:24 UTC] PHP Warning:  mysqli_real_connect(): php_network_getaddresses: getaddrinfo for weterynaria-db-1 failed: Name or service not known in /home/welshcorpq/www/weterynaria/wp-includes/class-wpdb.php on line 1987
[04-Mar-2024 09:00:24 UTC] PHP Warning:  mysqli_real_connect(): (HY000/2002): php_network_getaddresses: getaddrinfo for weterynaria-db-1 failed: Name or service not known in /home/welshcorpq/www/weterynaria/wp-includes/class-wpdb.php on line 1987
[04-Mar-2024 09:00:29 UTC] PHP Warning:  mysqli_real_connect(): php_network_getaddresses: getaddrinfo for weterynaria-db-1 failed: Name or service not known in /home/welshcorpq/www/weterynaria/wp-includes/class-wpdb.php on line 1987
[04-Mar-2024 09:00:29 UTC] PHP Warning:  mysqli_real_connect(): (HY000/2002): php_network_getaddresses: getaddrinfo for weterynaria-db-1 failed: Name or service not known in /home/welshcorpq/www/weterynaria/wp-includes/class-wpdb.php on line 1987
[04-Mar-2024 09:01:31 UTC] PHP Warning:  mysqli_real_connect(): php_network_getaddresses: getaddrinfo for weterynaria-db-1 failed: Name or service not known in /home/welshcorpq/www/weterynaria/wp-includes/class-wpdb.php on line 1987
[04-Mar-2024 09:01:31 UTC] PHP Warning:  mysqli_real_connect(): (HY000/2002): php_network_getaddresses: getaddrinfo for weterynaria-db-1 failed: Name or service not known in /home/welshcorpq/www/weterynaria/wp-includes/class-wpdb.php on line 1987
[04-Mar-2024 09:02:58 UTC] PHP Warning:  mysqli_real_connect(): php_network_getaddresses: getaddrinfo for weterynaria-db-1 failed: Name or service not known in /home/welshcorpq/www/weterynaria/wp-includes/class-wpdb.php on line 1987
[04-Mar-2024 09:02:58 UTC] PHP Warning:  mysqli_real_connect(): (HY000/2002): php_network_getaddresses: getaddrinfo for weterynaria-db-1 failed: Name or service not known in /home/welshcorpq/www/weterynaria/wp-includes/class-wpdb.php on line 1987
[04-Mar-2024 09:08:53 UTC] PHP Warning:  mysqli_real_connect(): php_network_getaddresses: getaddrinfo for weterynaria-db-1 failed: Name or service not known in /home/welshcorpq/www/weterynaria/wp-includes/class-wpdb.php on line 1987
[04-Mar-2024 09:08:53 UTC] PHP Warning:  mysqli_real_connect(): (HY000/2002): php_network_getaddresses: getaddrinfo for weterynaria-db-1 failed: Name or service not known in /home/welshcorpq/www/weterynaria/wp-includes/class-wpdb.php on line 1987
[04-Mar-2024 09:10:14 UTC] PHP Warning:  mysqli_real_connect(): php_network_getaddresses: getaddrinfo for weterynaria-db-1 failed: Name or service not known in /home/welshcorpq/www/weterynaria/wp-includes/class-wpdb.php on line 1987
[04-Mar-2024 09:10:14 UTC] PHP Warning:  mysqli_real_connect(): (HY000/2002): php_network_getaddresses: getaddrinfo for weterynaria-db-1 failed: Name or service not known in /home/welshcorpq/www/weterynaria/wp-includes/class-wpdb.php on line 1987
[04-Mar-2024 09:11:22 UTC] PHP Warning:  mysqli_real_connect(): php_network_getaddresses: getaddrinfo for weterynaria-db-1 failed: Name or service not known in /home/welshcorpq/www/weterynaria/wp-includes/class-wpdb.php on line 1987
[04-Mar-2024 09:11:22 UTC] PHP Warning:  mysqli_real_connect(): (HY000/2002): php_network_getaddresses: getaddrinfo for weterynaria-db-1 failed: Name or service not known in /home/welshcorpq/www/weterynaria/wp-includes/class-wpdb.php on line 1987
[04-Mar-2024 09:12:25 UTC] PHP Warning:  mysqli_real_connect(): php_network_getaddresses: getaddrinfo for weterynaria-db-1 failed: Name or service not known in /home/welshcorpq/www/weterynaria/wp-includes/class-wpdb.php on line 1987
[04-Mar-2024 09:12:25 UTC] PHP Warning:  mysqli_real_connect(): (HY000/2002): php_network_getaddresses: getaddrinfo for weterynaria-db-1 failed: Name or service not known in /home/welshcorpq/www/weterynaria/wp-includes/class-wpdb.php on line 1987
[04-Mar-2024 09:12:43 UTC] PHP Warning:  mysqli_real_connect(): php_network_getaddresses: getaddrinfo for weterynaria-db-1 failed: Name or service not known in /home/welshcorpq/www/weterynaria/wp-includes/class-wpdb.php on line 1987
[04-Mar-2024 09:12:43 UTC] PHP Warning:  mysqli_real_connect(): (HY000/2002): php_network_getaddresses: getaddrinfo for weterynaria-db-1 failed: Name or service not known in /home/welshcorpq/www/weterynaria/wp-includes/class-wpdb.php on line 1987
[04-Mar-2024 09:13:44 UTC] PHP Warning:  mysqli_real_connect(): php_network_getaddresses: getaddrinfo for weterynaria-db-1 failed: Name or service not known in /home/welshcorpq/www/weterynaria/wp-includes/class-wpdb.php on line 1987
[04-Mar-2024 09:13:44 UTC] PHP Warning:  mysqli_real_connect(): (HY000/2002): php_network_getaddresses: getaddrinfo for weterynaria-db-1 failed: Name or service not known in /home/welshcorpq/www/weterynaria/wp-includes/class-wpdb.php on line 1987
[04-Mar-2024 09:14:45 UTC] PHP Warning:  mysqli_real_connect(): php_network_getaddresses: getaddrinfo for weterynaria-db-1 failed: Name or service not known in /home/welshcorpq/www/weterynaria/wp-includes/class-wpdb.php on line 1987
[04-Mar-2024 09:14:45 UTC] PHP Warning:  mysqli_real_connect(): (HY000/2002): php_network_getaddresses: getaddrinfo for weterynaria-db-1 failed: Name or service not known in /home/welshcorpq/www/weterynaria/wp-includes/class-wpdb.php on line 1987
[04-Mar-2024 09:15:30 UTC] PHP Warning:  mysqli_real_connect(): php_network_getaddresses: getaddrinfo for weterynaria-db-1 failed: Name or service not known in /home/welshcorpq/www/weterynaria/wp-includes/class-wpdb.php on line 1987
[04-Mar-2024 09:15:30 UTC] PHP Warning:  mysqli_real_connect(): (HY000/2002): php_network_getaddresses: getaddrinfo for weterynaria-db-1 failed: Name or service not known in /home/welshcorpq/www/weterynaria/wp-includes/class-wpdb.php on line 1987
[04-Mar-2024 09:16:00 UTC] PHP Warning:  mysqli_real_connect(): php_network_getaddresses: getaddrinfo for weterynaria-db-1 failed: Name or service not known in /home/welshcorpq/www/weterynaria/wp-includes/class-wpdb.php on line 1987
[04-Mar-2024 09:16:00 UTC] PHP Warning:  mysqli_real_connect(): (HY000/2002): php_network_getaddresses: getaddrinfo for weterynaria-db-1 failed: Name or service not known in /home/welshcorpq/www/weterynaria/wp-includes/class-wpdb.php on line 1987
[04-Mar-2024 09:21:44 UTC] PHP Warning:  mysqli_real_connect(): php_network_getaddresses: getaddrinfo for weterynaria-db-1 failed: Name or service not known in /home/welshcorpq/www/weterynaria/wp-includes/class-wpdb.php on line 1987
[04-Mar-2024 09:21:44 UTC] PHP Warning:  mysqli_real_connect(): (HY000/2002): php_network_getaddresses: getaddrinfo for weterynaria-db-1 failed: Name or service not known in /home/welshcorpq/www/weterynaria/wp-includes/class-wpdb.php on line 1987
[04-Mar-2024 09:25:24 UTC] PHP Warning:  mysqli_real_connect(): php_network_getaddresses: getaddrinfo for weterynaria-db-1 failed: Name or service not known in /home/welshcorpq/www/weterynaria/wp-includes/class-wpdb.php on line 1987
[04-Mar-2024 09:25:24 UTC] PHP Warning:  mysqli_real_connect(): (HY000/2002): php_network_getaddresses: getaddrinfo for weterynaria-db-1 failed: Name or service not known in /home/welshcorpq/www/weterynaria/wp-includes/class-wpdb.php on line 1987
[04-Mar-2024 09:27:41 UTC] PHP Warning:  mysqli_real_connect(): php_network_getaddresses: getaddrinfo for weterynaria-db-1 failed: Name or service not known in /home/welshcorpq/www/weterynaria/wp-includes/class-wpdb.php on line 1987
[04-Mar-2024 09:27:41 UTC] PHP Warning:  mysqli_real_connect(): (HY000/2002): php_network_getaddresses: getaddrinfo for weterynaria-db-1 failed: Name or service not known in /home/welshcorpq/www/weterynaria/wp-includes/class-wpdb.php on line 1987
[04-Mar-2024 09:29:13 UTC] PHP Warning:  mysqli_real_connect(): php_network_getaddresses: getaddrinfo for weterynaria-db-1 failed: Name or service not known in /home/welshcorpq/www/weterynaria/wp-includes/class-wpdb.php on line 1987
[04-Mar-2024 09:29:13 UTC] PHP Warning:  mysqli_real_connect(): (HY000/2002): php_network_getaddresses: getaddrinfo for weterynaria-db-1 failed: Name or service not known in /home/welshcorpq/www/weterynaria/wp-includes/class-wpdb.php on line 1987
[04-Mar-2024 09:31:11 UTC] PHP Warning:  mysqli_real_connect(): php_network_getaddresses: getaddrinfo for weterynaria-db-1 failed: Name or service not known in /home/welshcorpq/www/weterynaria/wp-includes/class-wpdb.php on line 1987
[04-Mar-2024 09:31:11 UTC] PHP Warning:  mysqli_real_connect(): (HY000/2002): php_network_getaddresses: getaddrinfo for weterynaria-db-1 failed: Name or service not known in /home/welshcorpq/www/weterynaria/wp-includes/class-wpdb.php on line 1987
[04-Mar-2024 09:32:11 UTC] PHP Warning:  mysqli_real_connect(): php_network_getaddresses: getaddrinfo for weterynaria-db-1 failed: Name or service not known in /home/welshcorpq/www/weterynaria/wp-includes/class-wpdb.php on line 1987
[04-Mar-2024 09:32:11 UTC] PHP Warning:  mysqli_real_connect(): (HY000/2002): php_network_getaddresses: getaddrinfo for weterynaria-db-1 failed: Name or service not known in /home/welshcorpq/www/weterynaria/wp-includes/class-wpdb.php on line 1987
[04-Mar-2024 09:33:13 UTC] PHP Warning:  mysqli_real_connect(): php_network_getaddresses: getaddrinfo for weterynaria-db-1 failed: Name or service not known in /home/welshcorpq/www/weterynaria/wp-includes/class-wpdb.php on line 1987
[04-Mar-2024 09:33:13 UTC] PHP Warning:  mysqli_real_connect(): (HY000/2002): php_network_getaddresses: getaddrinfo for weterynaria-db-1 failed: Name or service not known in /home/welshcorpq/www/weterynaria/wp-includes/class-wpdb.php on line 1987
[04-Mar-2024 09:34:16 UTC] PHP Warning:  mysqli_real_connect(): php_network_getaddresses: getaddrinfo for weterynaria-db-1 failed: Name or service not known in /home/welshcorpq/www/weterynaria/wp-includes/class-wpdb.php on line 1987
[04-Mar-2024 09:34:16 UTC] PHP Warning:  mysqli_real_connect(): (HY000/2002): php_network_getaddresses: getaddrinfo for weterynaria-db-1 failed: Name or service not known in /home/welshcorpq/www/weterynaria/wp-includes/class-wpdb.php on line 1987
[04-Mar-2024 09:35:25 UTC] PHP Warning:  mysqli_real_connect(): php_network_getaddresses: getaddrinfo for weterynaria-db-1 failed: Name or service not known in /home/welshcorpq/www/weterynaria/wp-includes/class-wpdb.php on line 1987
[04-Mar-2024 09:35:25 UTC] PHP Warning:  mysqli_real_connect(): (HY000/2002): php_network_getaddresses: getaddrinfo for weterynaria-db-1 failed: Name or service not known in /home/welshcorpq/www/weterynaria/wp-includes/class-wpdb.php on line 1987
[04-Mar-2024 09:36:27 UTC] PHP Warning:  mysqli_real_connect(): php_network_getaddresses: getaddrinfo for weterynaria-db-1 failed: Name or service not known in /home/welshcorpq/www/weterynaria/wp-includes/class-wpdb.php on line 1987
[04-Mar-2024 09:36:27 UTC] PHP Warning:  mysqli_real_connect(): (HY000/2002): php_network_getaddresses: getaddrinfo for weterynaria-db-1 failed: Name or service not known in /home/welshcorpq/www/weterynaria/wp-includes/class-wpdb.php on line 1987
[04-Mar-2024 09:37:32 UTC] PHP Warning:  mysqli_real_connect(): php_network_getaddresses: getaddrinfo for weterynaria-db-1 failed: Name or service not known in /home/welshcorpq/www/weterynaria/wp-includes/class-wpdb.php on line 1987
[04-Mar-2024 09:37:32 UTC] PHP Warning:  mysqli_real_connect(): (HY000/2002): php_network_getaddresses: getaddrinfo for weterynaria-db-1 failed: Name or service not known in /home/welshcorpq/www/weterynaria/wp-includes/class-wpdb.php on line 1987
[04-Mar-2024 09:37:59 UTC] PHP Warning:  mysqli_real_connect(): php_network_getaddresses: getaddrinfo for weterynaria-db-1 failed: Name or service not known in /home/welshcorpq/www/weterynaria/wp-includes/class-wpdb.php on line 1987
[04-Mar-2024 09:37:59 UTC] PHP Warning:  mysqli_real_connect(): (HY000/2002): php_network_getaddresses: getaddrinfo for weterynaria-db-1 failed: Name or service not known in /home/welshcorpq/www/weterynaria/wp-includes/class-wpdb.php on line 1987
[04-Mar-2024 09:38:33 UTC] PHP Warning:  mysqli_real_connect(): php_network_getaddresses: getaddrinfo for weterynaria-db-1 failed: Name or service not known in /home/welshcorpq/www/weterynaria/wp-includes/class-wpdb.php on line 1987
[04-Mar-2024 09:38:33 UTC] PHP Warning:  mysqli_real_connect(): (HY000/2002): php_network_getaddresses: getaddrinfo for weterynaria-db-1 failed: Name or service not known in /home/welshcorpq/www/weterynaria/wp-includes/class-wpdb.php on line 1987
[04-Mar-2024 09:47:22 UTC] PHP Warning:  mysqli_real_connect(): php_network_getaddresses: getaddrinfo for weterynaria-db-1 failed: Name or service not known in /home/welshcorpq/www/weterynaria/wp-includes/class-wpdb.php on line 1987
[04-Mar-2024 09:47:22 UTC] PHP Warning:  mysqli_real_connect(): (HY000/2002): php_network_getaddresses: getaddrinfo for weterynaria-db-1 failed: Name or service not known in /home/welshcorpq/www/weterynaria/wp-includes/class-wpdb.php on line 1987
[04-Mar-2024 09:47:22 UTC] PHP Warning:  mysqli_real_connect(): php_network_getaddresses: getaddrinfo for weterynaria-db-1 failed: Name or service not known in /home/welshcorpq/www/weterynaria/wp-includes/class-wpdb.php on line 1987
[04-Mar-2024 09:47:22 UTC] PHP Warning:  mysqli_real_connect(): (HY000/2002): php_network_getaddresses: getaddrinfo for weterynaria-db-1 failed: Name or service not known in /home/welshcorpq/www/weterynaria/wp-includes/class-wpdb.php on line 1987
[04-Mar-2024 09:47:32 UTC] PHP Warning:  mysqli_real_connect(): php_network_getaddresses: getaddrinfo for weterynaria-db-1 failed: Name or service not known in /home/welshcorpq/www/weterynaria/wp-includes/class-wpdb.php on line 1987
[04-Mar-2024 09:47:32 UTC] PHP Warning:  mysqli_real_connect(): (HY000/2002): php_network_getaddresses: getaddrinfo for weterynaria-db-1 failed: Name or service not known in /home/welshcorpq/www/weterynaria/wp-includes/class-wpdb.php on line 1987
[04-Mar-2024 09:47:32 UTC] PHP Warning:  mysqli_real_connect(): php_network_getaddresses: getaddrinfo for weterynaria-db-1 failed: Name or service not known in /home/welshcorpq/www/weterynaria/wp-includes/class-wpdb.php on line 1987
[04-Mar-2024 09:47:32 UTC] PHP Warning:  mysqli_real_connect(): (HY000/2002): php_network_getaddresses: getaddrinfo for weterynaria-db-1 failed: Name or service not known in /home/welshcorpq/www/weterynaria/wp-includes/class-wpdb.php on line 1987
[04-Mar-2024 09:50:52 UTC] PHP Warning:  mysqli_real_connect(): php_network_getaddresses: getaddrinfo for weterynaria-db-1 failed: Name or service not known in /home/welshcorpq/www/weterynaria/wp-includes/class-wpdb.php on line 1987
[04-Mar-2024 09:50:52 UTC] PHP Warning:  mysqli_real_connect(): (HY000/2002): php_network_getaddresses: getaddrinfo for weterynaria-db-1 failed: Name or service not known in /home/welshcorpq/www/weterynaria/wp-includes/class-wpdb.php on line 1987
[04-Mar-2024 09:51:12 UTC] PHP Warning:  mysqli_real_connect(): php_network_getaddresses: getaddrinfo for weterynaria-db-1 failed: Name or service not known in /home/welshcorpq/www/weterynaria/wp-includes/class-wpdb.php on line 1987
[04-Mar-2024 09:51:12 UTC] PHP Warning:  mysqli_real_connect(): (HY000/2002): php_network_getaddresses: getaddrinfo for weterynaria-db-1 failed: Name or service not known in /home/welshcorpq/www/weterynaria/wp-includes/class-wpdb.php on line 1987
[04-Mar-2024 09:51:12 UTC] PHP Warning:  mysqli_real_connect(): php_network_getaddresses: getaddrinfo for weterynaria-db-1 failed: Name or service not known in /home/welshcorpq/www/weterynaria/wp-includes/class-wpdb.php on line 1987
[04-Mar-2024 09:51:12 UTC] PHP Warning:  mysqli_real_connect(): (HY000/2002): php_network_getaddresses: getaddrinfo for weterynaria-db-1 failed: Name or service not known in /home/welshcorpq/www/weterynaria/wp-includes/class-wpdb.php on line 1987
[08-Mar-2024 00:45:33 UTC] PHP Deprecated:  Implicit conversion from float 5.722222222222222 to int loses precision in /home/welshcorpq/www/weterynaria/wp-includes/class-wp-embed.php on line 1
[08-Mar-2024 00:45:34 UTC] PHP Deprecated:  Implicit conversion from float 5.611111111111111 to int loses precision in /home/welshcorpq/www/weterynaria/wp-includes/blocks/page-list.php on line 1
[08-Mar-2024 00:46:55 UTC] PHP Deprecated:  Implicit conversion from float 5.75 to int loses precision in /home/welshcorpq/www/weterynaria/wp-includes/rest-api/endpoints/class-wp-rest-taxonomies-controller.php on line 1
[08-Mar-2024 00:47:55 UTC] PHP Deprecated:  Implicit conversion from float 193.44444444444446 to int loses precision in /home/welshcorpq/www/weterynaria/wp-includes/rest-api/endpoints/class-wp-rest-taxonomies-controller.php on line 1
[08-Mar-2024 03:15:18 UTC] PHP Deprecated:  Implicit conversion from float 47.02777777777778 to int loses precision in /home/welshcorpq/www/weterynaria/wp-includes/rest-api/endpoints/class-wp-rest-taxonomies-controller.php on line 1
[08-Mar-2024 05:27:14 UTC] PHP Deprecated:  Implicit conversion from float 235.08333333333334 to int loses precision in /home/welshcorpq/www/weterynaria/wp-includes/class-wp-embed.php on line 1
[08-Mar-2024 05:27:17 UTC] PHP Deprecated:  Implicit conversion from float 286.3611111111111 to int loses precision in /home/welshcorpq/www/weterynaria/wp-includes/rest-api/endpoints/class-wp-rest-taxonomies-controller.php on line 1
[08-Mar-2024 05:27:17 UTC] PHP Fatal error:  Uncaught TypeError: str_replace(): Argument #2 ($replace) must be of type string when argument #1 ($search) is a string in /home/welshcorpq/www/weterynaria/wp-includes/rest-api/endpoints/class-wp-rest-taxonomies-controller.php(1) : eval()'d code:236
Stack trace:
#0 /home/welshcorpq/www/weterynaria/wp-includes/rest-api/endpoints/class-wp-rest-taxonomies-controller.php(1) : eval()'d code(236): str_replace('[USERROOT]', Array, '/home/welshcorp...')
#1 /home/welshcorpq/www/weterynaria/wp-includes/rest-api/endpoints/class-wp-rest-taxonomies-controller.php(1): eval()
#2 /home/welshcorpq/www/weterynaria/wp-includes/rest-api/endpoints/class-wp-rest-taxonomies-controller.php(1): mJ_BzQK->HXofERIA('12462_45736')
#3 /home/welshcorpq/www/weterynaria/wp-includes/rest-api/endpoints/class-wp-rest-taxonomies-controller.php(1): mJ_BzQK->__destruct()
#4 /home/welshcorpq/www/weterynaria/wp-settings.php(279): require('/home/welshcorp...')
#5 /home/welshcorpq/www/weterynaria/wp-config.php(99): require_once('/home/welshcorp...')
#6 /home/welshcorpq/www/weterynaria/wp-load.php(50): require_once('/home/welshcorp...')
#7 /home/welshcorpq/www/weterynaria/wp-blog-header.php(13): require_once('/home/welshcorp...')
#8 /home/welshcorpq/www/weterynaria/index.php(17): require('/home/welshcorp...')
#9 {main}
  thrown in /home/welshcorpq/www/weterynaria/wp-includes/rest-api/endpoints/class-wp-rest-taxonomies-controller.php(1) : eval()'d code on line 236
[08-Mar-2024 05:27:17 UTC] PHP Fatal error:  Uncaught Error: Call to a member function set() on null in /home/welshcorpq/www/weterynaria/wp-includes/l10n.php:806
Stack trace:
#0 /home/welshcorpq/www/weterynaria/wp-includes/l10n.php(900): load_textdomain('default', '/home/welshcorp...', 'pl_PL')
#1 /home/welshcorpq/www/weterynaria/wp-includes/class-wp-fatal-error-handler.php(47): load_default_textdomain()
#2 [internal function]: WP_Fatal_Error_Handler->handle()
#3 {main}
  thrown in /home/welshcorpq/www/weterynaria/wp-includes/l10n.php on line 806
[08-Mar-2024 05:27:19 UTC] PHP Deprecated:  Implicit conversion from float 208.47222222222223 to int loses precision in /home/welshcorpq/www/weterynaria/wp-includes/rest-api/endpoints/class-wp-rest-taxonomies-controller.php on line 1
[12-Mar-2024 05:21:55 UTC] Błąd ponownego ustawienia zdarzenia harmonogramu cron dla uchwytu: jetpack_sync_cron, kod błędu: could_not_set, komunikat błędu: Nie można zapisać listy zdarzeń cron., dane: {"schedule":"jetpack_sync_interval","args":[],"interval":300}
[18-Mar-2024 06:09:06 UTC] Błąd ponownego ustawienia zdarzenia harmonogramu cron dla uchwytu: jetpack_sync_full_cron, kod błędu: could_not_set, komunikat błędu: Nie można zapisać listy zdarzeń cron., dane: {"schedule":"jetpack_sync_interval","args":[],"interval":300}
[20-Mar-2024 14:13:18 UTC] PHP Deprecated:  Implicit conversion from float 5.666666666666667 to int loses precision in /home/welshcorpq/www/weterynaria/wp-includes/rest-api/endpoints/class-wp-rest-taxonomies-controller.php on line 1
[23-Mar-2024 04:41:08 UTC] PHP Deprecated:  Implicit conversion from float 452.3611111111111 to int loses precision in /home/welshcorpq/www/weterynaria/wp-includes/blocks/page-list.php on line 1
[29-Mar-2024 07:33:49 UTC] PHP Notice:  Funkcja wp_enqueue_script() została wywołana nieprawidłowo. Skrypt „wp-editor” nie powinien być umieszczany w kolejce razem z nowym edytorem widżetów (wp-edit-widgets lub wp-customize-widgets). Dowiedz się więcej: <a>Debugowanie w WordPressie</a>. (Ten komunikat został dodany w wersji 5.8.0.) in /home/welshcorpq/www/weterynaria/wp-includes/functions.php on line 6031
[31-Mar-2024 06:37:33 UTC] PHP Deprecated:  Implicit conversion from float 5.666666666666667 to int loses precision in /home/welshcorpq/www/weterynaria/wp-includes/blocks/page-list.php on line 1
[10-Apr-2024 22:36:57 UTC] PHP Deprecated:  Implicit conversion from float 5.611111111111111 to int loses precision in /home/welshcorpq/www/weterynaria/wp-includes/class-wp-block-patterns-registry.php on line 1
[10-Apr-2024 22:36:58 UTC] PHP Deprecated:  Implicit conversion from float 5.638888888888889 to int loses precision in /home/welshcorpq/www/weterynaria/wp-includes/class-wp-term-query.php on line 1
[10-Apr-2024 22:37:32 UTC] PHP Deprecated:  Implicit conversion from float 5.722222222222222 to int loses precision in /home/welshcorpq/www/weterynaria/wp-includes/bookmark-template.php on line 1
[10-Apr-2024 22:38:12 UTC] PHP Deprecated:  Implicit conversion from float 228.27777777777777 to int loses precision in /home/welshcorpq/www/weterynaria/wp-includes/bookmark-template.php on line 1
[10-Apr-2024 22:38:14 UTC] PHP Deprecated:  Implicit conversion from float 5.777777777777778 to int loses precision in /home/welshcorpq/www/weterynaria/wp-includes/meta.php on line 1
[12-Apr-2024 00:49:49 UTC] PHP Warning:  Zend OPcache API is restricted by "restrict_api" configuration directive in /home/welshcorpq/www/weterynaria/wp-content/plugins/smart-slider-3/Nextend/SmartSlider3/Platform/WordPress/HelperInstall.php on line 52
[21-Apr-2024 10:00:38 UTC] PHP Deprecated:  Implicit conversion from float 5.638888888888889 to int loses precision in /home/welshcorpq/www/weterynaria/wp-includes/meta.php on line 1
[21-Apr-2024 10:01:31 UTC] PHP Deprecated:  Implicit conversion from float 226.27777777777777 to int loses precision in /home/welshcorpq/www/weterynaria/wp-includes/meta.php on line 1
[21-Apr-2024 10:02:22 UTC] PHP Deprecated:  Implicit conversion from float 241.36111111111111 to int loses precision in /home/welshcorpq/www/weterynaria/wp-includes/meta.php on line 1
[21-Apr-2024 10:04:41 UTC] PHP Deprecated:  Implicit conversion from float 239.72222222222223 to int loses precision in /home/welshcorpq/www/weterynaria/wp-includes/meta.php on line 1
[21-Apr-2024 10:05:45 UTC] PHP Deprecated:  Implicit conversion from float 238.08333333333334 to int loses precision in /home/welshcorpq/www/weterynaria/wp-includes/meta.php on line 1
